<?xml version="1.0" encoding="UTF-8"?>
<!-- Generated by org.testng.reporters.JUnitReportReporter -->
<testsuite hostname="GaneshBabu" failures="0" tests="4" name="api.testcases.UserTest2" time="13.073" errors="0" timestamp="2023-07-19T11:40:46 IST" skipped="0">
  <testcase classname="api.testcases.UserTest2" name="postuser" time="8.394"/>
  <testcase classname="api.testcases.UserTest2" name="getuser" time="1.226"/>
  <testcase classname="api.testcases.UserTest2" name="Updateuser" time="2.272"/>
  <testcase classname="api.testcases.UserTest2" name="Deleteuser" time="1.181"/>
</testsuite> <!-- api.testcases.UserTest2 -->
