<?xml version="1.0" encoding="UTF-8"?>
<!-- Generated by org.testng.reporters.JUnitReportReporter -->
<testsuite hostname="GaneshBabu" failures="0" tests="4" name="api.testcases.UserTest" time="5.580" errors="0" timestamp="2023-07-19T11:40:46 IST" skipped="0">
  <testcase classname="api.testcases.UserTest" name="postuser" time="1.175"/>
  <testcase classname="api.testcases.UserTest" name="getuser" time="1.129"/>
  <testcase classname="api.testcases.UserTest" name="Updateuser" time="2.205"/>
  <testcase classname="api.testcases.UserTest" name="Deleteuser" time="1.071"/>
</testsuite> <!-- api.testcases.UserTest -->
