<?xml version="1.0" encoding="UTF-8"?>
<!-- Generated by org.testng.reporters.JUnitReportReporter -->
<testsuite hostname="GaneshBabu" failures="0" tests="4" name="api.testcases.UserTest" time="15.442" errors="0" timestamp="2023-07-19T11:44:16 IST" skipped="0">
  <testcase classname="api.testcases.UserTest" name="postuser" time="10.584"/>
  <testcase classname="api.testcases.UserTest" name="getuser" time="1.397"/>
  <testcase classname="api.testcases.UserTest" name="Updateuser" time="2.289"/>
  <testcase classname="api.testcases.UserTest" name="Deleteuser" time="1.172"/>
</testsuite> <!-- api.testcases.UserTest -->
